---
driver=<class 'textual.drivers.linux_driver.LinuxDriver'>
Load() >>> PyType(title='Textual')
Mount() >>> PyType(title='Textual Application')
Mount() >>> DockView(name='DockView#1')
Mount() >>> StopWatchTimer(name='StopWatchTimer#1')
view.forwarded Key(key='o')
Key(key='o') >>> PyType(title='Textual Application')
Key(key='o') >>> PyType(title='Textual Application')
ReportProgress(TextBox(name='TextBox#1')) >>> PyType(title='Textual Application')
view.forwarded Key(key='w')
Key(key='w') >>> PyType(title='Textual Application')
Key(key='w') >>> PyType(title='Textual Application')
ReportProgress(TextBox(name='TextBox#1')) >>> PyType(title='Textual Application')
view.forwarded Key(key='n')
Key(key='n') >>> PyType(title='Textual Application')
Key(key='n') >>> PyType(title='Textual Application')
ReportProgress(TextBox(name='TextBox#1')) >>> PyType(title='Textual Application')
view.forwarded Key(key=' ')
Key(key=' ') >>> PyType(title='Textual Application')
Key(key=' ') >>> PyType(title='Textual Application')
ReportProgress(TextBox(name='TextBox#1')) >>> PyType(title='Textual Application')
view.forwarded Key(key='n')
Key(key='n') >>> PyType(title='Textual Application')
Key(key='n') >>> PyType(title='Textual Application')
ReportProgress(TextBox(name='TextBox#1')) >>> PyType(title='Textual Application')
view.forwarded Key(key='e')
Key(key='e') >>> PyType(title='Textual Application')
Key(key='e') >>> PyType(title='Textual Application')
ReportProgress(TextBox(name='TextBox#1')) >>> PyType(title='Textual Application')
view.forwarded Key(key='a')
Key(key='a') >>> PyType(title='Textual Application')
Key(key='a') >>> PyType(title='Textual Application')
ReportProgress(TextBox(name='TextBox#1')) >>> PyType(title='Textual Application')
view.forwarded Key(key='s')
Key(key='s') >>> PyType(title='Textual Application')
Key(key='s') >>> PyType(title='Textual Application')
ReportProgress(TextBox(name='TextBox#1')) >>> PyType(title='Textual Application')
view.forwarded Key(key='d')
Key(key='d') >>> PyType(title='Textual Application')
Key(key='d') >>> PyType(title='Textual Application')
ReportProgress(TextBox(name='TextBox#1')) >>> PyType(title='Textual Application')
view.forwarded Key(key='t')
Key(key='t') >>> PyType(title='Textual Application')
Key(key='t') >>> PyType(title='Textual Application')
ReportProgress(TextBox(name='TextBox#1')) >>> PyType(title='Textual Application')
view.forwarded Key(key='y')
Key(key='y') >>> PyType(title='Textual Application')
Key(key='y') >>> PyType(title='Textual Application')
ReportProgress(TextBox(name='TextBox#1')) >>> PyType(title='Textual Application')
view.forwarded Key(key='p')
Key(key='p') >>> PyType(title='Textual Application')
Key(key='p') >>> PyType(title='Textual Application')
ReportProgress(TextBox(name='TextBox#1')) >>> PyType(title='Textual Application')
view.forwarded Key(key='e')
Key(key='e') >>> PyType(title='Textual Application')
Key(key='e') >>> PyType(title='Textual Application')
ReportProgress(TextBox(name='TextBox#1')) >>> PyType(title='Textual Application')
view.forwarded Key(key=' ')
Key(key=' ') >>> PyType(title='Textual Application')
Key(key=' ') >>> PyType(title='Textual Application')
ReportProgress(TextBox(name='TextBox#1')) >>> PyType(title='Textual Application')
view.forwarded Key(key='g')
Key(key='g') >>> PyType(title='Textual Application')
Key(key='g') >>> PyType(title='Textual Application')
ReportProgress(TextBox(name='TextBox#1')) >>> PyType(title='Textual Application')
view.forwarded Key(key='e')
Key(key='e') >>> PyType(title='Textual Application')
Key(key='e') >>> PyType(title='Textual Application')
ReportProgress(TextBox(name='TextBox#1')) >>> PyType(title='Textual Application')
view.forwarded Key(key='n')
Key(key='n') >>> PyType(title='Textual Application')
Key(key='n') >>> PyType(title='Textual Application')
ReportProgress(TextBox(name='TextBox#1')) >>> PyType(title='Textual Application')
view.forwarded Key(key='e')
Key(key='e') >>> PyType(title='Textual Application')
Key(key='e') >>> PyType(title='Textual Application')
ReportProgress(TextBox(name='TextBox#1')) >>> PyType(title='Textual Application')
view.forwarded Key(key='r')
Key(key='r') >>> PyType(title='Textual Application')
Key(key='r') >>> PyType(title='Textual Application')
ReportProgress(TextBox(name='TextBox#1')) >>> PyType(title='Textual Application')
view.forwarded Key(key='a')
Key(key='a') >>> PyType(title='Textual Application')
Key(key='a') >>> PyType(title='Textual Application')
ReportProgress(TextBox(name='TextBox#1')) >>> PyType(title='Textual Application')
view.forwarded Key(key='t')
Key(key='t') >>> PyType(title='Textual Application')
Key(key='t') >>> PyType(title='Textual Application')
ReportProgress(TextBox(name='TextBox#1')) >>> PyType(title='Textual Application')
view.forwarded Key(key='i')
Key(key='i') >>> PyType(title='Textual Application')
Key(key='i') >>> PyType(title='Textual Application')
ReportProgress(TextBox(name='TextBox#1')) >>> PyType(title='Textual Application')
view.forwarded Key(key='o')
Key(key='o') >>> PyType(title='Textual Application')
Key(key='o') >>> PyType(title='Textual Application')
ReportProgress(TextBox(name='TextBox#1')) >>> PyType(title='Textual Application')
view.forwarded Key(key='n')
Key(key='n') >>> PyType(title='Textual Application')
Key(key='n') >>> PyType(title='Textual Application')
ReportProgress(TextBox(name='TextBox#1')) >>> PyType(title='Textual Application')
view.forwarded Key(key=' ')
Key(key=' ') >>> PyType(title='Textual Application')
Key(key=' ') >>> PyType(title='Textual Application')
ReportProgress(TextBox(name='TextBox#1')) >>> PyType(title='Textual Application')
view.forwarded Key(key='w')
Key(key='w') >>> PyType(title='Textual Application')
Key(key='w') >>> PyType(title='Textual Application')
ReportProgress(TextBox(name='TextBox#1')) >>> PyType(title='Textual Application')
view.forwarded Key(key='d')
Key(key='d') >>> PyType(title='Textual Application')
Key(key='d') >>> PyType(title='Textual Application')
ReportProgress(TextBox(name='TextBox#1')) >>> PyType(title='Textual Application')
view.forwarded Key(key='i')
Key(key='i') >>> PyType(title='Textual Application')
Key(key='i') >>> PyType(title='Textual Application')
ReportProgress(TextBox(name='TextBox#1')) >>> PyType(title='Textual Application')
view.forwarded Key(key='f')
Key(key='f') >>> PyType(title='Textual Application')
Key(key='f') >>> PyType(title='Textual Application')
ReportProgress(TextBox(name='TextBox#1')) >>> PyType(title='Textual Application')
view.forwarded Key(key='e')
Key(key='e') >>> PyType(title='Textual Application')
Key(key='e') >>> PyType(title='Textual Application')
ReportProgress(TextBox(name='TextBox#1')) >>> PyType(title='Textual Application')
view.forwarded Key(key=' ')
Key(key=' ') >>> PyType(title='Textual Application')
Key(key=' ') >>> PyType(title='Textual Application')
ReportProgress(TextBox(name='TextBox#1')) >>> PyType(title='Textual Application')
view.forwarded Key(key='n')
Key(key='n') >>> PyType(title='Textual Application')
Key(key='n') >>> PyType(title='Textual Application')
ReportProgress(TextBox(name='TextBox#1')) >>> PyType(title='Textual Application')
view.forwarded Key(key='t')
Key(key='t') >>> PyType(title='Textual Application')
Key(key='t') >>> PyType(title='Textual Application')
ReportProgress(TextBox(name='TextBox#1')) >>> PyType(title='Textual Application')
view.forwarded Key(key='e')
Key(key='e') >>> PyType(title='Textual Application')
Key(key='e') >>> PyType(title='Textual Application')
ReportProgress(TextBox(name='TextBox#1')) >>> PyType(title='Textual Application')
view.forwarded Key(key='r')
Key(key='r') >>> PyType(title='Textual Application')
Key(key='r') >>> PyType(title='Textual Application')
ReportProgress(TextBox(name='TextBox#1')) >>> PyType(title='Textual Application')
view.forwarded Key(key='n')
Key(key='n') >>> PyType(title='Textual Application')
Key(key='n') >>> PyType(title='Textual Application')
ReportProgress(TextBox(name='TextBox#1')) >>> PyType(title='Textual Application')
view.forwarded Key(key='a')
Key(key='a') >>> PyType(title='Textual Application')
Key(key='a') >>> PyType(title='Textual Application')
ReportProgress(TextBox(name='TextBox#1')) >>> PyType(title='Textual Application')
view.forwarded Key(key='t')
Key(key='t') >>> PyType(title='Textual Application')
Key(key='t') >>> PyType(title='Textual Application')
ReportProgress(TextBox(name='TextBox#1')) >>> PyType(title='Textual Application')
view.forwarded Key(key='i')
Key(key='i') >>> PyType(title='Textual Application')
Key(key='i') >>> PyType(title='Textual Application')
ReportProgress(TextBox(name='TextBox#1')) >>> PyType(title='Textual Application')
view.forwarded Key(key='o')
Key(key='o') >>> PyType(title='Textual Application')
Key(key='o') >>> PyType(title='Textual Application')
ReportProgress(TextBox(name='TextBox#1')) >>> PyType(title='Textual Application')
view.forwarded Key(key='n')
Key(key='n') >>> PyType(title='Textual Application')
Key(key='n') >>> PyType(title='Textual Application')
ReportProgress(TextBox(name='TextBox#1')) >>> PyType(title='Textual Application')
view.forwarded Key(key='a')
Key(key='a') >>> PyType(title='Textual Application')
Key(key='a') >>> PyType(title='Textual Application')
ReportProgress(TextBox(name='TextBox#1')) >>> PyType(title='Textual Application')
view.forwarded Key(key='l')
Key(key='l') >>> PyType(title='Textual Application')
Key(key='l') >>> PyType(title='Textual Application')
ReportProgress(TextBox(name='TextBox#1')) >>> PyType(title='Textual Application')
view.forwarded Key(key=' ')
Key(key=' ') >>> PyType(title='Textual Application')
Key(key=' ') >>> PyType(title='Textual Application')
ReportProgress(TextBox(name='TextBox#1')) >>> PyType(title='Textual Application')
view.forwarded Key(key='t')
Key(key='t') >>> PyType(title='Textual Application')
Key(key='t') >>> PyType(title='Textual Application')
ReportProgress(TextBox(name='TextBox#1')) >>> PyType(title='Textual Application')
view.forwarded Key(key='r')
Key(key='r') >>> PyType(title='Textual Application')
Key(key='r') >>> PyType(title='Textual Application')
ReportProgress(TextBox(name='TextBox#1')) >>> PyType(title='Textual Application')
view.forwarded Key(key='a')
Key(key='a') >>> PyType(title='Textual Application')
Key(key='a') >>> PyType(title='Textual Application')
ReportProgress(TextBox(name='TextBox#1')) >>> PyType(title='Textual Application')
view.forwarded Key(key='n')
Key(key='n') >>> PyType(title='Textual Application')
Key(key='n') >>> PyType(title='Textual Application')
ReportProgress(TextBox(name='TextBox#1')) >>> PyType(title='Textual Application')
view.forwarded Key(key='d')
Key(key='d') >>> PyType(title='Textual Application')
Key(key='d') >>> PyType(title='Textual Application')
ReportProgress(TextBox(name='TextBox#1')) >>> PyType(title='Textual Application')
view.forwarded Key(key='i')
Key(key='i') >>> PyType(title='Textual Application')
Key(key='i') >>> PyType(title='Textual Application')
ReportProgress(TextBox(name='TextBox#1')) >>> PyType(title='Textual Application')
view.forwarded Key(key='t')
Key(key='t') >>> PyType(title='Textual Application')
Key(key='t') >>> PyType(title='Textual Application')
ReportProgress(TextBox(name='TextBox#1')) >>> PyType(title='Textual Application')
view.forwarded Key(key='i')
Key(key='i') >>> PyType(title='Textual Application')
Key(key='i') >>> PyType(title='Textual Application')
ReportProgress(TextBox(name='TextBox#1')) >>> PyType(title='Textual Application')
view.forwarded Key(key='o')
Key(key='o') >>> PyType(title='Textual Application')
Key(key='o') >>> PyType(title='Textual Application')
ReportProgress(TextBox(name='TextBox#1')) >>> PyType(title='Textual Application')
view.forwarded Key(key='n')
Key(key='n') >>> PyType(title='Textual Application')
Key(key='n') >>> PyType(title='Textual Application')
ReportProgress(TextBox(name='TextBox#1')) >>> PyType(title='Textual Application')
view.forwarded Key(key='a')
Key(key='a') >>> PyType(title='Textual Application')
Key(key='a') >>> PyType(title='Textual Application')
ReportProgress(TextBox(name='TextBox#1')) >>> PyType(title='Textual Application')
view.forwarded Key(key='l')
Key(key='l') >>> PyType(title='Textual Application')
Key(key='l') >>> PyType(title='Textual Application')
ReportProgress(TextBox(name='TextBox#1')) >>> PyType(title='Textual Application')
view.forwarded Key(key='c')
Key(key='c') >>> PyType(title='Textual Application')
Key(key='c') >>> PyType(title='Textual Application')
ReportProgress(TextBox(name='TextBox#1')) >>> PyType(title='Textual Application')
view.forwarded Key(key='o')
Key(key='o') >>> PyType(title='Textual Application')
Key(key='o') >>> PyType(title='Textual Application')
ReportProgress(TextBox(name='TextBox#1')) >>> PyType(title='Textual Application')
view.forwarded Key(key='r')
Key(key='r') >>> PyType(title='Textual Application')
Key(key='r') >>> PyType(title='Textual Application')
ReportProgress(TextBox(name='TextBox#1')) >>> PyType(title='Textual Application')
view.forwarded Key(key='p')
Key(key='p') >>> PyType(title='Textual Application')
Key(key='p') >>> PyType(title='Textual Application')
ReportProgress(TextBox(name='TextBox#1')) >>> PyType(title='Textual Application')
view.forwarded Key(key='o')
Key(key='o') >>> PyType(title='Textual Application')
Key(key='o') >>> PyType(title='Textual Application')
ReportProgress(TextBox(name='TextBox#1')) >>> PyType(title='Textual Application')
view.forwarded Key(key='r')
Key(key='r') >>> PyType(title='Textual Application')
Key(key='r') >>> PyType(title='Textual Application')
ReportProgress(TextBox(name='TextBox#1')) >>> PyType(title='Textual Application')
view.forwarded Key(key='t')
Key(key='t') >>> PyType(title='Textual Application')
Key(key='t') >>> PyType(title='Textual Application')
ReportProgress(TextBox(name='TextBox#1')) >>> PyType(title='Textual Application')
view.forwarded Key(key='a')
Key(key='a') >>> PyType(title='Textual Application')
Key(key='a') >>> PyType(title='Textual Application')
ReportProgress(TextBox(name='TextBox#1')) >>> PyType(title='Textual Application')
view.forwarded Key(key='i')
Key(key='i') >>> PyType(title='Textual Application')
Key(key='i') >>> PyType(title='Textual Application')
ReportProgress(TextBox(name='TextBox#1')) >>> PyType(title='Textual Application')
view.forwarded Key(key='o')
Key(key='o') >>> PyType(title='Textual Application')
Key(key='o') >>> PyType(title='Textual Application')
ReportProgress(TextBox(name='TextBox#1')) >>> PyType(title='Textual Application')
view.forwarded Key(key='n')
Key(key='n') >>> PyType(title='Textual Application')
Key(key='n') >>> PyType(title='Textual Application')
ReportProgress(TextBox(name='TextBox#1')) >>> PyType(title='Textual Application')
view.forwarded Key(key=' ')
Key(key=' ') >>> PyType(title='Textual Application')
Key(key=' ') >>> PyType(title='Textual Application')
ReportProgress(TextBox(name='TextBox#1')) >>> PyType(title='Textual Application')
view.forwarded Key(key='l')
Key(key='l') >>> PyType(title='Textual Application')
Key(key='l') >>> PyType(title='Textual Application')
ReportProgress(TextBox(name='TextBox#1')) >>> PyType(title='Textual Application')
view.forwarded Key(key='e')
Key(key='e') >>> PyType(title='Textual Application')
Key(key='e') >>> PyType(title='Textual Application')
ReportProgress(TextBox(name='TextBox#1')) >>> PyType(title='Textual Application')
view.forwarded Key(key='v')
Key(key='v') >>> PyType(title='Textual Application')
Key(key='v') >>> PyType(title='Textual Application')
ReportProgress(TextBox(name='TextBox#1')) >>> PyType(title='Textual Application')
view.forwarded Key(key='e')
Key(key='e') >>> PyType(title='Textual Application')
Key(key='e') >>> PyType(title='Textual Application')
ReportProgress(TextBox(name='TextBox#1')) >>> PyType(title='Textual Application')
view.forwarded Key(key='l')
Key(key='l') >>> PyType(title='Textual Application')
Key(key='l') >>> PyType(title='Textual Application')
ReportProgress(TextBox(name='TextBox#1')) >>> PyType(title='Textual Application')
view.forwarded Key(key=' ')
Key(key=' ') >>> PyType(title='Textual Application')
Key(key=' ') >>> PyType(title='Textual Application')
ReportProgress(TextBox(name='TextBox#1')) >>> PyType(title='Textual Application')
view.forwarded Key(key='d')
Key(key='d') >>> PyType(title='Textual Application')
Key(key='d') >>> PyType(title='Textual Application')
ReportProgress(TextBox(name='TextBox#1')) >>> PyType(title='Textual Application')
view.forwarded Key(key='r')
Key(key='r') >>> PyType(title='Textual Application')
Key(key='r') >>> PyType(title='Textual Application')
ReportProgress(TextBox(name='TextBox#1')) >>> PyType(title='Textual Application')
view.forwarded Key(key='o')
Key(key='o') >>> PyType(title='Textual Application')
Key(key='o') >>> PyType(title='Textual Application')
ReportProgress(TextBox(name='TextBox#1')) >>> PyType(title='Textual Application')
view.forwarded Key(key='p')
Key(key='p') >>> PyType(title='Textual Application')
Key(key='p') >>> PyType(title='Textual Application')
GameDone(TextBox(name='TextBox#1')) >>> PyType(title='Textual Application')
view.forwarded Key(key='escape')
Key(key='escape') >>> PyType(title='Textual Application')
Key(key='escape') >>> PyType(title='Textual Application')
ACTION PyType(title='Textual Application') quit
CLOSED PyType(title='Textual Application')
PROCESS END
CLOSED Footer(keys=[])
CLOSED Progress(name='Progress#1')
CLOSED StopWatchTimer(name='StopWatchTimer#1')
